14:42:49 | DEBUG | 管理员权限启动
14:42:49 | DEBUG | CPU 支持 AVX2 指令集，使用 PaddleOCR-json
14:42:52 | INFO | 启动SGA用户界面
-------------------------------------
14:46:28 | DEBUG | 管理员权限启动
14:46:28 | DEBUG | CPU 支持 AVX2 指令集，使用 PaddleOCR-json
14:46:29 | INFO | 启动SGA用户界面
-------------------------------------
14:46:34 | INFO | 新配置已创建：默认配置2769
14:46:34 | INFO | 载入配置：默认配置2769
-------------------------------------
14:46:34 | INFO | 载入配置：默认配置2769
-------------------------------------
14:47:12 | DEBUG | 管理员权限启动
14:47:12 | DEBUG | CPU 支持 AVX2 指令集，使用 PaddleOCR-json
14:47:13 | INFO | 启动SGA用户界面
-------------------------------------
14:47:19 | ERROR | 时间循环线程异常:
Traceback (most recent call last):
  File "e:\sync\githubbb\SucroseGameAssistant\multithread\cycle.py", line 23, in run
    self.ui.save_main_data()
  File "e:\sync\githubbb\SucroseGameAssistant\ui\main\main_down.py", line 158, in save_main_data
    self.config["current"] = self.get_config_dir()
  File "e:\sync\githubbb\SucroseGameAssistant\ui\main\main_bottom.py", line 104, in get_config_dir
    config_dir = module.output_config()
  File "e:\sync\githubbb\SucroseGameAssistant\ui\genshin\main.py", line 196, in output_config
    config["功能4"] = self.list.check_comp.isChecked()
AttributeError: 'GenshinList' object has no attribute 'check_comp'


14:57:15 | DEBUG | 管理员权限启动
14:57:15 | DEBUG | CPU 支持 AVX2 指令集，使用 PaddleOCR-json
14:57:16 | INFO | 启动SGA用户界面
-------------------------------------
14:57:45 | DEBUG | 管理员权限启动
14:57:45 | DEBUG | CPU 支持 AVX2 指令集，使用 PaddleOCR-json
14:57:46 | INFO | 启动SGA用户界面
-------------------------------------
15:02:25 | DEBUG | 管理员权限启动
15:02:25 | DEBUG | CPU 支持 AVX2 指令集，使用 PaddleOCR-json
15:02:26 | INFO | 启动SGA用户界面
-------------------------------------
15:15:45 | DEBUG | 管理员权限启动
15:15:45 | DEBUG | CPU 支持 AVX2 指令集，使用 PaddleOCR-json
15:17:22 | ERROR | 时间循环线程异常:
Traceback (most recent call last):
  File "e:\sync\githubbb\SucroseGameAssistant\multithread\cycle.py", line 30, in run
    self.ui.save_main_data()
  File "e:\sync\githubbb\SucroseGameAssistant\ui\main\main_down.py", line 159, in save_main_data
    self.config["current"] = self.get_config_dir()
  File "e:\sync\githubbb\SucroseGameAssistant\ui\main\main_bottom.py", line 104, in get_config_dir
    config_dir = module.output_config()
  File "e:\sync\githubbb\SucroseGameAssistant\ui\genshin\main.py", line 196, in output_config
    config["功能4"] = self.list.check_comp.isChecked()
AttributeError: 'GenshinList' object has no attribute 'check_comp'


15:17:26 | DEBUG | 管理员权限启动
15:17:26 | DEBUG | CPU 支持 AVX2 指令集，使用 PaddleOCR-json
15:17:27 | INFO | 启动SGA用户界面
-------------------------------------
15:17:33 | ERROR | 时间循环线程异常:
Traceback (most recent call last):
  File "e:\sync\githubbb\SucroseGameAssistant\multithread\cycle.py", line 23, in run
    self.ui.save_main_data()
  File "e:\sync\githubbb\SucroseGameAssistant\ui\main\main_down.py", line 159, in save_main_data
    self.config["current"] = self.get_config_dir()
  File "e:\sync\githubbb\SucroseGameAssistant\ui\main\main_bottom.py", line 104, in get_config_dir
    config_dir = module.output_config()
  File "e:\sync\githubbb\SucroseGameAssistant\ui\genshin\main.py", line 196, in output_config
    config["功能4"] = self.list.check_comp.isChecked()
AttributeError: 'GenshinList' object has no attribute 'check_comp'


15:17:36 | DEBUG | 管理员权限启动
15:17:36 | DEBUG | CPU 支持 AVX2 指令集，使用 PaddleOCR-json
15:17:37 | INFO | 启动SGA用户界面
-------------------------------------
15:17:42 | DEBUG | 管理员权限启动
15:17:42 | DEBUG | CPU 支持 AVX2 指令集，使用 PaddleOCR-json
15:17:43 | INFO | 启动SGA用户界面
-------------------------------------
15:17:46 | DEBUG | 管理员权限启动
15:17:46 | DEBUG | CPU 支持 AVX2 指令集，使用 PaddleOCR-json
15:17:46 | INFO | 启动SGA用户界面
-------------------------------------
16:59:18 | DEBUG | 管理员权限启动
16:59:18 | DEBUG | CPU 支持 AVX2 指令集，使用 PaddleOCR-json
16:59:19 | INFO | 启动SGA用户界面
-------------------------------------
16:59:33 | INFO | 保存配置：默认配置2769
-------------------------------------
17:00:43 | DEBUG | 管理员权限启动
17:00:43 | DEBUG | CPU 支持 AVX2 指令集，使用 PaddleOCR-json
17:00:51 | CRITICAL | 主配置加载失败(4/7):
Traceback (most recent call last):
  File "e:\sync\githubbb\SucroseGameAssistant\multithread\main.py", line 31, in <module>
    sga_ui.load_main_config()
  File "e:\sync\githubbb\SucroseGameAssistant\ui\main\main_down.py", line 104, in load_main_config
    self.send_config_dir(self.config["current"])
  File "e:\sync\githubbb\SucroseGameAssistant\ui\main\main_bottom.py", line 117, in send_config_dir
    module.input_config(dictionary)
  File "e:\sync\githubbb\SucroseGameAssistant\ui\genshin\main.py", line 125, in input_config
    self.list.check_pass.setChecked(config["功能8"])
KeyError: '功能8'


17:02:12 | DEBUG | 管理员权限启动
17:02:12 | DEBUG | CPU 支持 AVX2 指令集，使用 PaddleOCR-json
17:02:13 | INFO | 启动SGA用户界面
-------------------------------------
17:02:48 | DEBUG | 管理员权限启动
17:02:48 | DEBUG | CPU 支持 AVX2 指令集，使用 PaddleOCR-json
17:02:49 | INFO | 启动SGA用户界面
-------------------------------------
17:04:50 | DEBUG | 管理员权限启动
17:04:50 | DEBUG | CPU 支持 AVX2 指令集，使用 PaddleOCR-json
17:04:52 | INFO | 启动SGA用户界面
-------------------------------------
17:05:10 | DEBUG | 管理员权限启动
17:05:10 | DEBUG | CPU 支持 AVX2 指令集，使用 PaddleOCR-json
17:05:11 | INFO | 启动SGA用户界面
-------------------------------------
22:04:28 | DEBUG | 非管理员权限启动,尝试获取管理员权限
22:04:28 | DEBUG | 获取管理员权限失败
22:04:28 | DEBUG | 退出
22:04:29 | DEBUG | 管理员权限启动
22:04:29 | DEBUG | CPU 支持 AVX2 指令集，使用 PaddleOCR-json
22:04:30 | INFO | 启动SGA用户界面
-------------------------------------
